etc/nginx/
etc/nginx/koi-win
etc/nginx/fastcgi.conf
etc/nginx/conf.d/
etc/nginx/uwsgi_params
etc/nginx/win-utf
etc/nginx/mime.types
etc/nginx/modules-enabled/
etc/nginx/modules-available/
etc/nginx/koi-utf
etc/nginx/snippets/
etc/nginx/snippets/fastcgi-php.conf
etc/nginx/snippets/snakeoil.conf
etc/nginx/scgi_params
etc/nginx/fastcgi_params
etc/nginx/proxy_params
etc/nginx/sites-enabled/
etc/nginx/sites-enabled/default
etc/nginx/nginx.conf
etc/nginx/sites-available/
etc/nginx/sites-available/default
usr/share/nginx/html/
usr/share/nginx/html/index.html
